  Building Custom Rule E:/git/darknet/CMakeLists.txt
  Compiling CUDA source file src\activation_kernels.cu...
  Compiling CUDA source file src\avgpool_layer_kernels.cu...
  
  E:\git\darknet>"C:\Program Files\NVIDIA GPU Computing Toolkit\CUDA\v10.2\bin\nvcc.exe" -gencode=arch=compute_30,code=\"compute_30,compute_30\" -gencode=arch=compute_30,code=\"sm_30,compute_30\" --use-local-env -ccbin "C:\Program Files (x86)\Microsoft Visual Studio\2019\Community\VC\Tools\MSVC\14.28.29910\bin\HostX64\x64" -x cu -rdc=true -IE:\git\darknet\include -IE:\git\darknet\src -IE:\git\darknet\3rdparty\stb\include -ID:\opencv\build\include -ID:\opencv\build\include\opencv -I"C:\Program Files\NVIDIA GPU Computing Toolkit\CUDA\v10.2\include" -IE:\git\darknet\3rdparty\pthreads\include -I"C:\Program Files\NVIDIA GPU Computing Toolkit\CUDA\v10.2\include"     --keep-dir x64\Release -maxrregcount=0  --machine 64 --compile -cudart shared -Wno-deprecated-declarations -Xcompiler="/wd4013,/wd4018,/wd4028,/wd4047,/wd4068,/wd4090,/wd4101,/wd4113,/wd4133,/wd4190,/wd4244,/wd4267,/wd4305,/wd4477,/wd4996,/wd4819,/fp:fast,/DGPU,/DCUDNN,/DOPENCV /EHsc -Ob2"    -D_WINDOWS -DNDEBUG -DLIB_EXPORTS=1 -DUSE_CMAKE_LIBS -DCUDNN -DOPENCV -D_CRT_RAND_S -DNOMINMAX -D_USE_MATH_DEFINES -D_CRT_SECURE_NO_WARNINGS -DGPU -D_TIMESPEC_DEFINED -D"CMAKE_INTDIR=\"Release\"" -Ddark_EXPORTS -DWIN32 -D_WINDOWS -DNDEBUG -DLIB_EXPORTS=1 -DUSE_CMAKE_LIBS -DCUDNN -DOPENCV -D_CRT_RAND_S -DNOMINMAX -D_USE_MATH_DEFINES -D_CRT_SECURE_NO_WARNINGS -DGPU -D_TIMESPEC_DEFINED -D"CMAKE_INTDIR=\"Release\"" -Ddark_EXPORTS -D_WINDLL -D_MBCS -Xcompiler "/EHsc /W1 /nologo /O2 /Fddark.dir\Release\vc142.pdb /FS /Zi  /MD /GR" -o dark.dir\Release\activation_kernels.obj "E:\git\darknet\src\activation_kernels.cu" 
  
  E:\git\darknet>"C:\Program Files\NVIDIA GPU Computing Toolkit\CUDA\v10.2\bin\nvcc.exe" -gencode=arch=compute_30,code=\"compute_30,compute_30\" -gencode=arch=compute_30,code=\"sm_30,compute_30\" --use-local-env -ccbin "C:\Program Files (x86)\Microsoft Visual Studio\2019\Community\VC\Tools\MSVC\14.28.29910\bin\HostX64\x64" -x cu -rdc=true -IE:\git\darknet\include -IE:\git\darknet\src -IE:\git\darknet\3rdparty\stb\include -ID:\opencv\build\include -ID:\opencv\build\include\opencv -I"C:\Program Files\NVIDIA GPU Computing Toolkit\CUDA\v10.2\include" -IE:\git\darknet\3rdparty\pthreads\include -I"C:\Program Files\NVIDIA GPU Computing Toolkit\CUDA\v10.2\include"     --keep-dir x64\Release -maxrregcount=0  --machine 64 --compile -cudart shared -Wno-deprecated-declarations -Xcompiler="/wd4013,/wd4018,/wd4028,/wd4047,/wd4068,/wd4090,/wd4101,/wd4113,/wd4133,/wd4190,/wd4244,/wd4267,/wd4305,/wd4477,/wd4996,/wd4819,/fp:fast,/DGPU,/DCUDNN,/DOPENCV /EHsc -Ob2"    -D_WINDOWS -DNDEBUG -DLIB_EXPORTS=1 -DUSE_CMAKE_LIBS -DCUDNN -DOPENCV -D_CRT_RAND_S -DNOMINMAX -D_USE_MATH_DEFINES -D_CRT_SECURE_NO_WARNINGS -DGPU -D_TIMESPEC_DEFINED -D"CMAKE_INTDIR=\"Release\"" -Ddark_EXPORTS -DWIN32 -D_WINDOWS -DNDEBUG -DLIB_EXPORTS=1 -DUSE_CMAKE_LIBS -DCUDNN -DOPENCV -D_CRT_RAND_S -DNOMINMAX -D_USE_MATH_DEFINES -D_CRT_SECURE_NO_WARNINGS -DGPU -D_TIMESPEC_DEFINED -D"CMAKE_INTDIR=\"Release\"" -Ddark_EXPORTS -D_WINDLL -D_MBCS -Xcompiler "/EHsc /W1 /nologo /O2 /Fddark.dir\Release\vc142.pdb /FS /Zi  /MD /GR" -o dark.dir\Release\avgpool_layer_kernels.obj "E:\git\darknet\src\avgpool_layer_kernels.cu" 
E:/git/darknet/src/activation_kernels.cu(263): warning : variable "MISH_THRESHOLD" was declared but never referenced
  
  Compiling CUDA source file src\col2im_kernels.cu...
  Compiling CUDA source file src\crop_layer_kernels.cu...
  Compiling CUDA source file src\deconvolutional_kernels.cu...
  Compiling CUDA source file src\im2col_kernels.cu...
  Compiling CUDA source file src\maxpool_layer_kernels.cu...
  Compiling CUDA source file src\dropout_layer_kernels.cu...
  Compiling CUDA source file src\convolutional_kernels.cu...
  Compiling CUDA source file src\blas_kernels.cu...
  Compiling CUDA source file src\network_kernels.cu...
  
  
  E:\git\darknet>"C:\Program Files\NVIDIA GPU Computing Toolkit\CUDA\v10.2\bin\nvcc.exe" -gencode=arch=compute_30,code=\"compute_30,compute_30\" -gencode=arch=compute_30,code=\"sm_30,compute_30\" --use-local-env -ccbin "C:\Program Files (x86)\Microsoft Visual Studio\2019\Community\VC\Tools\MSVC\14.28.29910\bin\HostX64\x64" -x cu -rdc=true -IE:\git\darknet\include -IE:\git\darknet\src -IE:\git\darknet\3rdparty\stb\include -ID:\opencv\build\include -ID:\opencv\build\include\opencv -I"C:\Program Files\NVIDIA GPU Computing Toolkit\CUDA\v10.2\include" -IE:\git\darknet\3rdparty\pthreads\include -I"C:\Program Files\NVIDIA GPU Computing Toolkit\CUDA\v10.2\include"     --keep-dir x64\Release -maxrregcount=0  --machine 64 --compile -cudart shared -Wno-deprecated-declarations -Xcompiler="/wd4013,/wd4018,/wd4028,/wd4047,/wd4068,/wd4090,/wd4101,/wd4113,/wd4133,/wd4190,/wd4244,/wd4267,/wd4305,/wd4477,/wd4996,/wd4819,/fp:fast,/DGPU,/DCUDNN,/DOPENCV /EHsc -Ob2"    -D_WINDOWS -DNDEBUG -DLIB_EXPORTS=1 -DUSE_CMAKE_LIBS -DCUDNN -DOPENCV -D_CRT_RAND_S -DNOMINMAX -D_USE_MATH_DEFINES -D_CRT_SECURE_NO_WARNINGS -DGPU -D_TIMESPEC_DEFINED -D"CMAKE_INTDIR=\"Release\"" -Ddark_EXPORTS -DWIN32 -D_WINDOWS -DNDEBUG -DLIB_EXPORTS=1 -DUSE_CMAKE_LIBS -DCUDNN -DOPENCV -D_CRT_RAND_S -DNOMINMAX -D_USE_MATH_DEFINES -D_CRT_SECURE_NO_WARNINGS -DGPU -D_TIMESPEC_DEFINED -D"CMAKE_INTDIR=\"Release\"" -Ddark_EXPORTS -D_WINDLL -D_MBCS -Xcompiler "/EHsc /W1 /nologo /O2 /Fddark.dir\Release\vc142.pdb /FS /Zi  /MD /GR" -o dark.dir\Release\col2im_kernels.obj "E:\git\darknet\src\col2im_kernels.cu" 
  E:\git\darknet>"C:\Program Files\NVIDIA GPU Computing Toolkit\CUDA\v10.2\bin\nvcc.exe" -gencode=arch=compute_30,code=\"compute_30,compute_30\" -gencode=arch=compute_30,code=\"sm_30,compute_30\" --use-local-env -ccbin "C:\Program Files (x86)\Microsoft Visual Studio\2019\Community\VC\Tools\MSVC\14.28.29910\bin\HostX64\x64" -x cu -rdc=true -IE:\git\darknet\include -IE:\git\darknet\src -IE:\git\darknet\3rdparty\stb\include -ID:\opencv\build\include -ID:\opencv\build\include\opencv -I"C:\Program Files\NVIDIA GPU Computing Toolkit\CUDA\v10.2\include" -IE:\git\darknet\3rdparty\pthreads\include -I"C:\Program Files\NVIDIA GPU Computing Toolkit\CUDA\v10.2\include"     --keep-dir x64\Release -maxrregcount=0  --machine 64 --compile -cudart shared -Wno-deprecated-declarations -Xcompiler="/wd4013,/wd4018,/wd4028,/wd4047,/wd4068,/wd4090,/wd4101,/wd4113,/wd4133,/wd4190,/wd4244,/wd4267,/wd4305,/wd4477,/wd4996,/wd4819,/fp:fast,/DGPU,/DCUDNN,/DOPENCV /EHsc -Ob2"    -D_WINDOWS -DNDEBUG -DLIB_EXPORTS=1 -DUSE_CMAKE_LIBS -DCUDNN -DOPENCV -D_CRT_RAND_S -DNOMINMAX -D_USE_MATH_DEFINES -D_CRT_SECURE_NO_WARNINGS -DGPU -D_TIMESPEC_DEFINED -D"CMAKE_INTDIR=\"Release\"" -Ddark_EXPORTS -DWIN32 -D_WINDOWS -DNDEBUG -DLIB_EXPORTS=1 -DUSE_CMAKE_LIBS -DCUDNN -DOPENCV -D_CRT_RAND_S -DNOMINMAX -D_USE_MATH_DEFINES -D_CRT_SECURE_NO_WARNINGS -DGPU -D_TIMESPEC_DEFINED -D"CMAKE_INTDIR=\"Release\"" -Ddark_EXPORTS -D_WINDLL -D_MBCS -Xcompiler "/EHsc /W1 /nologo /O2 /Fddark.dir\Release\vc142.pdb /FS /Zi  /MD /GR" -o dark.dir\Release\maxpool_layer_kernels.obj "E:\git\darknet\src\maxpool_layer_kernels.cu" 
  
  E:\git\darknet>"C:\Program Files\NVIDIA GPU Computing Toolkit\CUDA\v10.2\bin\nvcc.exe" -gencode=arch=compute_30,code=\"compute_30,compute_30\" -gencode=arch=compute_30,code=\"sm_30,compute_30\" --use-local-env -ccbin "C:\Program Files (x86)\Microsoft Visual Studio\2019\Community\VC\Tools\MSVC\14.28.29910\bin\HostX64\x64" -x cu -rdc=true -IE:\git\darknet\include -IE:\git\darknet\src -IE:\git\darknet\3rdparty\stb\include -ID:\opencv\build\include -ID:\opencv\build\include\opencv -I"C:\Program Files\NVIDIA GPU Computing Toolkit\CUDA\v10.2\include" -IE:\git\darknet\3rdparty\pthreads\include -I"C:\Program Files\NVIDIA GPU Computing Toolkit\CUDA\v10.2\include"     --keep-dir x64\Release -maxrregcount=0  --machine 64 --compile -cudart shared -Wno-deprecated-declarations -Xcompiler="/wd4013,/wd4018,/wd4028,/wd4047,/wd4068,/wd4090,/wd4101,/wd4113,/wd4133,/wd4190,/wd4244,/wd4267,/wd4305,/wd4477,/wd4996,/wd4819,/fp:fast,/DGPU,/DCUDNN,/DOPENCV /EHsc -Ob2"    -D_WINDOWS -DNDEBUG -DLIB_EXPORTS=1 -DUSE_CMAKE_LIBS -DCUDNN -DOPENCV -D_CRT_RAND_S -DNOMINMAX -D_USE_MATH_DEFINES -D_CRT_SECURE_NO_WARNINGS -DGPU -D_TIMESPEC_DEFINED -D"CMAKE_INTDIR=\"Release\"" -Ddark_EXPORTS -DWIN32 -D_WINDOWS -DNDEBUG -DLIB_EXPORTS=1 -DUSE_CMAKE_LIBS -DCUDNN -DOPENCV -D_CRT_RAND_S -DNOMINMAX -D_USE_MATH_DEFINES -D_CRT_SECURE_NO_WARNINGS -DGPU -D_TIMESPEC_DEFINED -D"CMAKE_INTDIR=\"Release\"" -Ddark_EXPORTS -D_WINDLL -D_MBCS -Xcompiler "/EHsc /W1 /nologo /O2 /Fddark.dir\Release\vc142.pdb /FS /Zi  /MD /GR" -o dark.dir\Release\crop_layer_kernels.obj "E:\git\darknet\src\crop_layer_kernels.cu" 
  
  E:\git\darknet>"C:\Program Files\NVIDIA GPU Computing Toolkit\CUDA\v10.2\bin\nvcc.exe" -gencode=arch=compute_30,code=\"compute_30,compute_30\" -gencode=arch=compute_30,code=\"sm_30,compute_30\" --use-local-env -ccbin "C:\Program Files (x86)\Microsoft Visual Studio\2019\Community\VC\Tools\MSVC\14.28.29910\bin\HostX64\x64" -x cu -rdc=true -IE:\git\darknet\include -IE:\git\darknet\src -IE:\git\darknet\3rdparty\stb\include -ID:\opencv\build\include -ID:\opencv\build\include\opencv -I"C:\Program Files\NVIDIA GPU Computing Toolkit\CUDA\v10.2\include" -IE:\git\darknet\3rdparty\pthreads\include -I"C:\Program Files\NVIDIA GPU Computing Toolkit\CUDA\v10.2\include"     --keep-dir x64\Release -maxrregcount=0  --machine 64 --compile -cudart shared -Wno-deprecated-declarations -Xcompiler="/wd4013,/wd4018,/wd4028,/wd4047,/wd4068,/wd4090,/wd4101,/wd4113,/wd4133,/wd4190,/wd4244,/wd4267,/wd4305,/wd4477,/wd4996,/wd4819,/fp:fast,/DGPU,/DCUDNN,/DOPENCV /EHsc -Ob2"    -D_WINDOWS -DNDEBUG -DLIB_EXPORTS=1 -DUSE_CMAKE_LIBS -DCUDNN -DOPENCV -D_CRT_RAND_S -DNOMINMAX -D_USE_MATH_DEFINES -D_CRT_SECURE_NO_WARNINGS -DGPU -D_TIMESPEC_DEFINED -D"CMAKE_INTDIR=\"Release\"" -Ddark_EXPORTS -DWIN32 -D_WINDOWS -DNDEBUG -DLIB_EXPORTS=1 -DUSE_CMAKE_LIBS -DCUDNN -DOPENCV -D_CRT_RAND_S -DNOMINMAX -D_USE_MATH_DEFINES -D_CRT_SECURE_NO_WARNINGS -DGPU -D_TIMESPEC_DEFINED -D"CMAKE_INTDIR=\"Release\"" -Ddark_EXPORTS -D_WINDLL -D_MBCS -Xcompiler "/EHsc /W1 /nologo /O2 /Fddark.dir\Release\vc142.pdb /FS /Zi  /MD /GR" -o dark.dir\Release\convolutional_kernels.obj "E:\git\darknet\src\convolutional_kernels.cu" 
  
  
  E:\git\darknet>"C:\Program Files\NVIDIA GPU Computing Toolkit\CUDA\v10.2\bin\nvcc.exe" -gencode=arch=compute_30,code=\"compute_30,compute_30\" -gencode=arch=compute_30,code=\"sm_30,compute_30\" --use-local-env -ccbin "C:\Program Files (x86)\Microsoft Visual Studio\2019\Community\VC\Tools\MSVC\14.28.29910\bin\HostX64\x64" -x cu -rdc=true -IE:\git\darknet\include -IE:\git\darknet\src -IE:\git\darknet\3rdparty\stb\include -ID:\opencv\build\include -ID:\opencv\build\include\opencv -I"C:\Program Files\NVIDIA GPU Computing Toolkit\CUDA\v10.2\include" -IE:\git\darknet\3rdparty\pthreads\include -I"C:\Program Files\NVIDIA GPU Computing Toolkit\CUDA\v10.2\include"     --keep-dir x64\Release -maxrregcount=0  --machine 64 --compile -cudart shared -Wno-deprecated-declarations -Xcompiler="/wd4013,/wd4018,/wd4028,/wd4047,/wd4068,/wd4090,/wd4101,/wd4113,/wd4133,/wd4190,/wd4244,/wd4267,/wd4305,/wd4477,/wd4996,/wd4819,/fp:fast,/DGPU,/DCUDNN,/DOPENCV /EHsc -Ob2"    -D_WINDOWS -DNDEBUG -DLIB_EXPORTS=1 -DUSE_CMAKE_LIBS -DCUDNN -DOPENCV -D_CRT_RAND_S -DNOMINMAX -D_USE_MATH_DEFINES -D_CRT_SECURE_NO_WARNINGS -DGPU -D_TIMESPEC_DEFINED -D"CMAKE_INTDIR=\"Release\"" -Ddark_EXPORTS -DWIN32 -D_WINDOWS -DNDEBUG -DLIB_EXPORTS=1 -DUSE_CMAKE_LIBS -DCUDNN -DOPENCV -D_CRT_RAND_S -DNOMINMAX -D_USE_MATH_DEFINES -D_CRT_SECURE_NO_WARNINGS -DGPU -D_TIMESPEC_DEFINED -D"CMAKE_INTDIR=\"Release\"" -Ddark_EXPORTS -D_WINDLL -D_MBCS -Xcompiler "/EHsc /W1 /nologo /O2 /Fddark.dir\Release\vc142.pdb /FS /Zi  /MD /GR" -o dark.dir\Release\deconvolutional_kernels.obj "E:\git\darknet\src\deconvolutional_kernels.cu" 
  E:\git\darknet>"C:\Program Files\NVIDIA GPU Computing Toolkit\CUDA\v10.2\bin\nvcc.exe" -gencode=arch=compute_30,code=\"compute_30,compute_30\" -gencode=arch=compute_30,code=\"sm_30,compute_30\" --use-local-env -ccbin "C:\Program Files (x86)\Microsoft Visual Studio\2019\Community\VC\Tools\MSVC\14.28.29910\bin\HostX64\x64" -x cu -rdc=true -IE:\git\darknet\include -IE:\git\darknet\src -IE:\git\darknet\3rdparty\stb\include -ID:\opencv\build\include -ID:\opencv\build\include\opencv -I"C:\Program Files\NVIDIA GPU Computing Toolkit\CUDA\v10.2\include" -IE:\git\darknet\3rdparty\pthreads\include -I"C:\Program Files\NVIDIA GPU Computing Toolkit\CUDA\v10.2\include"     --keep-dir x64\Release -maxrregcount=0  --machine 64 --compile -cudart shared -Wno-deprecated-declarations -Xcompiler="/wd4013,/wd4018,/wd4028,/wd4047,/wd4068,/wd4090,/wd4101,/wd4113,/wd4133,/wd4190,/wd4244,/wd4267,/wd4305,/wd4477,/wd4996,/wd4819,/fp:fast,/DGPU,/DCUDNN,/DOPENCV /EHsc -Ob2"    -D_WINDOWS -DNDEBUG -DLIB_EXPORTS=1 -DUSE_CMAKE_LIBS -DCUDNN -DOPENCV -D_CRT_RAND_S -DNOMINMAX -D_USE_MATH_DEFINES -D_CRT_SECURE_NO_WARNINGS -DGPU -D_TIMESPEC_DEFINED -D"CMAKE_INTDIR=\"Release\"" -Ddark_EXPORTS -DWIN32 -D_WINDOWS -DNDEBUG -DLIB_EXPORTS=1 -DUSE_CMAKE_LIBS -DCUDNN -DOPENCV -D_CRT_RAND_S -DNOMINMAX -D_USE_MATH_DEFINES -D_CRT_SECURE_NO_WARNINGS -DGPU -D_TIMESPEC_DEFINED -D"CMAKE_INTDIR=\"Release\"" -Ddark_EXPORTS -D_WINDLL -D_MBCS -Xcompiler "/EHsc /W1 /nologo /O2 /Fddark.dir\Release\vc142.pdb /FS /Zi  /MD /GR" -o dark.dir\Release\dropout_layer_kernels.obj "E:\git\darknet\src\dropout_layer_kernels.cu" 
  
  E:\git\darknet>"C:\Program Files\NVIDIA GPU Computing Toolkit\CUDA\v10.2\bin\nvcc.exe" -gencode=arch=compute_30,code=\"compute_30,compute_30\" -gencode=arch=compute_30,code=\"sm_30,compute_30\" --use-local-env -ccbin "C:\Program Files (x86)\Microsoft Visual Studio\2019\Community\VC\Tools\MSVC\14.28.29910\bin\HostX64\x64" -x cu -rdc=true -IE:\git\darknet\include -IE:\git\darknet\src -IE:\git\darknet\3rdparty\stb\include -ID:\opencv\build\include -ID:\opencv\build\include\opencv -I"C:\Program Files\NVIDIA GPU Computing Toolkit\CUDA\v10.2\include" -IE:\git\darknet\3rdparty\pthreads\include -I"C:\Program Files\NVIDIA GPU Computing Toolkit\CUDA\v10.2\include"     --keep-dir x64\Release -maxrregcount=0  --machine 64 --compile -cudart shared -Wno-deprecated-declarations -Xcompiler="/wd4013,/wd4018,/wd4028,/wd4047,/wd4068,/wd4090,/wd4101,/wd4113,/wd4133,/wd4190,/wd4244,/wd4267,/wd4305,/wd4477,/wd4996,/wd4819,/fp:fast,/DGPU,/DCUDNN,/DOPENCV /EHsc -Ob2"    -D_WINDOWS -DNDEBUG -DLIB_EXPORTS=1 -DUSE_CMAKE_LIBS -DCUDNN -DOPENCV -D_CRT_RAND_S -DNOMINMAX -D_USE_MATH_DEFINES -D_CRT_SECURE_NO_WARNINGS -DGPU -D_TIMESPEC_DEFINED -D"CMAKE_INTDIR=\"Release\"" -Ddark_EXPORTS -DWIN32 -D_WINDOWS -DNDEBUG -DLIB_EXPORTS=1 -DUSE_CMAKE_LIBS -DCUDNN -DOPENCV -D_CRT_RAND_S -DNOMINMAX -D_USE_MATH_DEFINES -D_CRT_SECURE_NO_WARNINGS -DGPU -D_TIMESPEC_DEFINED -D"CMAKE_INTDIR=\"Release\"" -Ddark_EXPORTS -D_WINDLL -D_MBCS -Xcompiler "/EHsc /W1 /nologo /O2 /Fddark.dir\Release\vc142.pdb /FS /Zi  /MD /GR" -o dark.dir\Release\im2col_kernels.obj "E:\git\darknet\src\im2col_kernels.cu" 
  
  E:\git\darknet>"C:\Program Files\NVIDIA GPU Computing Toolkit\CUDA\v10.2\bin\nvcc.exe" -gencode=arch=compute_30,code=\"compute_30,compute_30\" -gencode=arch=compute_30,code=\"sm_30,compute_30\" --use-local-env -ccbin "C:\Program Files (x86)\Microsoft Visual Studio\2019\Community\VC\Tools\MSVC\14.28.29910\bin\HostX64\x64" -x cu -rdc=true -IE:\git\darknet\include -IE:\git\darknet\src -IE:\git\darknet\3rdparty\stb\include -ID:\opencv\build\include -ID:\opencv\build\include\opencv -I"C:\Program Files\NVIDIA GPU Computing Toolkit\CUDA\v10.2\include" -IE:\git\darknet\3rdparty\pthreads\include -I"C:\Program Files\NVIDIA GPU Computing Toolkit\CUDA\v10.2\include"     --keep-dir x64\Release -maxrregcount=0  --machine 64 --compile -cudart shared -Wno-deprecated-declarations -Xcompiler="/wd4013,/wd4018,/wd4028,/wd4047,/wd4068,/wd4090,/wd4101,/wd4113,/wd4133,/wd4190,/wd4244,/wd4267,/wd4305,/wd4477,/wd4996,/wd4819,/fp:fast,/DGPU,/DCUDNN,/DOPENCV /EHsc -Ob2"    -D_WINDOWS -DNDEBUG -DLIB_EXPORTS=1 -DUSE_CMAKE_LIBS -DCUDNN -DOPENCV -D_CRT_RAND_S -DNOMINMAX -D_USE_MATH_DEFINES -D_CRT_SECURE_NO_WARNINGS -DGPU -D_TIMESPEC_DEFINED -D"CMAKE_INTDIR=\"Release\"" -Ddark_EXPORTS -DWIN32 -D_WINDOWS -DNDEBUG -DLIB_EXPORTS=1 -DUSE_CMAKE_LIBS -DCUDNN -DOPENCV -D_CRT_RAND_S -DNOMINMAX -D_USE_MATH_DEFINES -D_CRT_SECURE_NO_WARNINGS -DGPU -D_TIMESPEC_DEFINED -D"CMAKE_INTDIR=\"Release\"" -Ddark_EXPORTS -D_WINDLL -D_MBCS -Xcompiler "/EHsc /W1 /nologo /O2 /Fddark.dir\Release\vc142.pdb /FS /Zi  /MD /GR" -o dark.dir\Release\blas_kernels.obj "E:\git\darknet\src\blas_kernels.cu" 
  
  E:\git\darknet>"C:\Program Files\NVIDIA GPU Computing Toolkit\CUDA\v10.2\bin\nvcc.exe" -gencode=arch=compute_30,code=\"compute_30,compute_30\" -gencode=arch=compute_30,code=\"sm_30,compute_30\" --use-local-env -ccbin "C:\Program Files (x86)\Microsoft Visual Studio\2019\Community\VC\Tools\MSVC\14.28.29910\bin\HostX64\x64" -x cu -rdc=true -IE:\git\darknet\include -IE:\git\darknet\src -IE:\git\darknet\3rdparty\stb\include -ID:\opencv\build\include -ID:\opencv\build\include\opencv -I"C:\Program Files\NVIDIA GPU Computing Toolkit\CUDA\v10.2\include" -IE:\git\darknet\3rdparty\pthreads\include -I"C:\Program Files\NVIDIA GPU Computing Toolkit\CUDA\v10.2\include"     --keep-dir x64\Release -maxrregcount=0  --machine 64 --compile -cudart shared -Wno-deprecated-declarations -Xcompiler="/wd4013,/wd4018,/wd4028,/wd4047,/wd4068,/wd4090,/wd4101,/wd4113,/wd4133,/wd4190,/wd4244,/wd4267,/wd4305,/wd4477,/wd4996,/wd4819,/fp:fast,/DGPU,/DCUDNN,/DOPENCV /EHsc -Ob2"    -D_WINDOWS -DNDEBUG -DLIB_EXPORTS=1 -DUSE_CMAKE_LIBS -DCUDNN -DOPENCV -D_CRT_RAND_S -DNOMINMAX -D_USE_MATH_DEFINES -D_CRT_SECURE_NO_WARNINGS -DGPU -D_TIMESPEC_DEFINED -D"CMAKE_INTDIR=\"Release\"" -Ddark_EXPORTS -DWIN32 -D_WINDOWS -DNDEBUG -DLIB_EXPORTS=1 -DUSE_CMAKE_LIBS -DCUDNN -DOPENCV -D_CRT_RAND_S -DNOMINMAX -D_USE_MATH_DEFINES -D_CRT_SECURE_NO_WARNINGS -DGPU -D_TIMESPEC_DEFINED -D"CMAKE_INTDIR=\"Release\"" -Ddark_EXPORTS -D_WINDLL -D_MBCS -Xcompiler "/EHsc /W1 /nologo /O2 /Fddark.dir\Release\vc142.pdb /FS /Zi  /MD /GR" -o dark.dir\Release\network_kernels.obj "E:\git\darknet\src\network_kernels.cu" 
  avgpool_layer_kernels.cu
  activation_kernels.cu
E:/git/darknet/src/dropout_layer_kernels.cu(140): warning : variable "cur_scale" was declared but never referenced
  
E:/git/darknet/src/dropout_layer_kernels.cu(245): warning : variable "cur_scale" was declared but never referenced
  
E:/git/darknet/src/dropout_layer_kernels.cu(262): warning : variable "block_prob" was declared but never referenced
  
E:/git/darknet/src/blas_kernels.cu(1086): warning : variable "out_index" was declared but never referenced
  
E:/git/darknet/src/blas_kernels.cu(1130): warning : variable "step" was set but never used
  
E:/git/darknet/src/blas_kernels.cu(1736): warning : variable "stage_id" was declared but never referenced
  
E:/git/darknet/src/network_kernels.cu(364): warning : variable "l" was declared but never referenced
  
  col2im_kernels.cu
  dropout_layer_kernels.cu
  deconvolutional_kernels.cu
  crop_layer_kernels.cu
  maxpool_layer_kernels.cu
  convolutional_kernels.cu
  network_kernels.cu
  im2col_kernels.cu
  blas_kernels.cu
  The vcpkg manifest was disabled, but we found a manifest file in E:\git\darknet\. You may want to enable vcpkg manifests in your properties page or pass /p:VcpkgEnableManifest=true to the msbuild invocation.
  用于 x64 的 Microsoft (R) C/C++ 优化编译器 19.28.29914 版
  版权所有(C) Microsoft Corporation。保留所有权利。
  cl /c /IE:\git\darknet\include /IE:\git\darknet\src /IE:\git\darknet\3rdparty\stb\include /ID:\opencv\build\include /ID:\opencv\build\include\opencv /I"C:\Program Files\NVIDIA GPU Computing Toolkit\CUDA\v10.2\include" /IE:\git\darknet\3rdparty\pthreads\include /I"C:\Program Files\NVIDIA GPU Computing Toolkit\CUDA\v10.2\include" /I"D:\vcpkg\scripts\buildsystems\msbuild\..\..\..\installed\x64-windows\include" /W1 /WX- /diagnostics:column /Ox /Ob2 /D WIN32 /D _WINDOWS /D NDEBUG /D LIB_EXPORTS=1 /D USE_CMAKE_LIBS /D CUDNN /D OPENCV /D _CRT_RAND_S /D NOMINMAX /D _USE_MATH_DEFINES /D _CRT_SECURE_NO_WARNINGS /D GPU /D _TIMESPEC_DEFINED /D "CMAKE_INTDIR=\"Release\"" /D dark_EXPORTS /D _WINDLL /D _MBCS /Gm- /EHsc /MD /GS /fp:fast /Zc:wchar_t /Zc:forScope /Zc:inline /GR /openmp /Fo"dark.dir\Release\\" /Fd"dark.dir\Release\vc142.pdb" /Gd /TP /wd4013 /wd4018 /wd4028 /wd4047 /wd4068 /wd4090 /wd4101 /wd4113 /wd4133 /wd4190 /wd4244 /wd4267 /wd4305 /wd4477 /wd4996 /wd4819 /errorReport:prompt E:\git\darknet\src\yolo_v2_class.cpp E:\git\darknet\src\http_stream.cpp E:\git\darknet\src\image_opencv.cpp
  yolo_v2_class.cpp
  http_stream.cpp
  image_opencv.cpp
  正在生成代码...
  用于 x64 的 Microsoft (R) C/C++ 优化编译器 19.28.29914 版
  版权所有(C) Microsoft Corporation。保留所有权利。
  cl /c /IE:\git\darknet\include /IE:\git\darknet\src /IE:\git\darknet\3rdparty\stb\include /ID:\opencv\build\include /ID:\opencv\build\include\opencv /I"C:\Program Files\NVIDIA GPU Computing Toolkit\CUDA\v10.2\include" /IE:\git\darknet\3rdparty\pthreads\include /I"C:\Program Files\NVIDIA GPU Computing Toolkit\CUDA\v10.2\include" /I"D:\vcpkg\scripts\buildsystems\msbuild\..\..\..\installed\x64-windows\include" /W1 /WX- /diagnostics:column /Ox /Ob2 /D WIN32 /D _WINDOWS /D NDEBUG /D LIB_EXPORTS=1 /D USE_CMAKE_LIBS /D CUDNN /D OPENCV /D _CRT_RAND_S /D NOMINMAX /D _USE_MATH_DEFINES /D _CRT_SECURE_NO_WARNINGS /D GPU /D _TIMESPEC_DEFINED /D "CMAKE_INTDIR=\"Release\"" /D dark_EXPORTS /D _WINDLL /D _MBCS /Gm- /EHsc /MD /GS /fp:fast /Zc:wchar_t /Zc:forScope /Zc:inline /GR /openmp /Fo"dark.dir\Release\\" /Fd"dark.dir\Release\vc142.pdb" /Gd /TC /wd4013 /wd4018 /wd4028 /wd4047 /wd4068 /wd4090 /wd4101 /wd4113 /wd4133 /wd4190 /wd4244 /wd4267 /wd4305 /wd4477 /wd4996 /wd4819 /errorReport:prompt E:\git\darknet\src\activation_layer.c E:\git\darknet\src\activations.c E:\git\darknet\src\art.c E:\git\darknet\src\avgpool_layer.c E:\git\darknet\src\batchnorm_layer.c E:\git\darknet\src\blas.c E:\git\darknet\src\box.c E:\git\darknet\src\captcha.c E:\git\darknet\src\cifar.c E:\git\darknet\src\classifier.c E:\git\darknet\src\coco.c E:\git\darknet\src\col2im.c E:\git\darknet\src\compare.c E:\git\darknet\src\connected_layer.c E:\git\darknet\src\conv_lstm_layer.c E:\git\darknet\src\convolutional_layer.c E:\git\darknet\src\cost_layer.c E:\git\darknet\src\cpu_gemm.c E:\git\darknet\src\crnn_layer.c E:\git\darknet\src\crop_layer.c E:\git\darknet\src\dark_cuda.c E:\git\darknet\src\data.c E:\git\darknet\src\deconvolutional_layer.c E:\git\darknet\src\demo.c E:\git\darknet\src\detection_layer.c E:\git\darknet\src\detector.c E:\git\darknet\src\dice.c E:\git\darknet\src\dropout_layer.c E:\git\darknet\src\gaussian_yolo_layer.c E:\git\darknet\src\gemm.c E:\git\darknet\src\getopt.c E:\git\darknet\src\gettimeofday.c E:\git\darknet\src\go.c E:\git\darknet\src\gru_layer.c E:\git\darknet\src\im2col.c E:\git\darknet\src\image.c E:\git\darknet\src\layer.c E:\git\darknet\src\list.c E:\git\darknet\src\local_layer.c E:\git\darknet\src\lstm_layer.c E:\git\darknet\src\matrix.c E:\git\darknet\src\maxpool_layer.c E:\git\darknet\src\network.c E:\git\darknet\src\nightmare.c E:\git\darknet\src\normalization_layer.c E:\git\darknet\src\option_list.c E:\git\darknet\src\parser.c E:\git\darknet\src\region_layer.c E:\git\darknet\src\reorg_layer.c E:\git\darknet\src\reorg_old_layer.c E:\git\darknet\src\rnn.c E:\git\darknet\src\rnn_layer.c E:\git\darknet\src\rnn_vid.c E:\git\darknet\src\route_layer.c E:\git\darknet\src\sam_layer.c E:\git\darknet\src\scale_channels_layer.c E:\git\darknet\src\shortcut_layer.c E:\git\darknet\src\softmax_layer.c E:\git\darknet\src\super.c E:\git\darknet\src\swag.c E:\git\darknet\src\tag.c E:\git\darknet\src\tree.c E:\git\darknet\src\upsample_layer.c E:\git\darknet\src\utils.c E:\git\darknet\src\voxel.c E:\git\darknet\src\writing.c E:\git\darknet\src\yolo.c E:\git\darknet\src\yolo_layer.c
  activation_layer.c
  activations.c
  art.c
  avgpool_layer.c
  batchnorm_layer.c
  blas.c
  box.c
  captcha.c
  cifar.c
  classifier.c
  coco.c
  col2im.c
  compare.c
  connected_layer.c
  conv_lstm_layer.c
  convolutional_layer.c
  cost_layer.c
  cpu_gemm.c
  crnn_layer.c
  crop_layer.c
  正在生成代码...
  正在编译...
  dark_cuda.c
  data.c
  deconvolutional_layer.c
  demo.c
  detection_layer.c
  detector.c
  dice.c
  dropout_layer.c
  gaussian_yolo_layer.c
  gemm.c
  getopt.c
  gettimeofday.c
  go.c
  gru_layer.c
  im2col.c
  image.c
  layer.c
  list.c
  local_layer.c
  lstm_layer.c
  正在生成代码...
  正在编译...
  matrix.c
  maxpool_layer.c
  network.c
  nightmare.c
  normalization_layer.c
  option_list.c
  parser.c
  region_layer.c
  reorg_layer.c
  reorg_old_layer.c
  rnn.c
  rnn_layer.c
  rnn_vid.c
  route_layer.c
  sam_layer.c
  scale_channels_layer.c
  shortcut_layer.c
  softmax_layer.c
  super.c
  swag.c
  正在生成代码...
  正在编译...
  tag.c
  tree.c
  upsample_layer.c
  utils.c
  voxel.c
  writing.c
  yolo.c
  yolo_layer.c
  正在生成代码...
  
  E:\git\darknet>"C:\Program Files\NVIDIA GPU Computing Toolkit\CUDA\v10.2\bin\nvcc.exe" -dlink -o dark.dir\Release\darknet.device-link.obj -Xcompiler "/EHsc /W1 /nologo /O2 /Zi  /MD /GR" -L"C:\Program Files\NVIDIA GPU Computing Toolkit\CUDA\v10.2\lib\x64" -L"D:\vcpkg\scripts\buildsystems\msbuild\..\..\..\installed\x64-windows\lib" -L"D:\vcpkg\scripts\buildsystems\msbuild\..\..\..\installed\x64-windows\lib\manual-link" "C:\Program Files\NVIDIA GPU Computing Toolkit\CUDA\v10.2\lib\x64\cudnn.lib" D:\opencv\build\x64\vc15\lib\opencv_world3410.lib 3rdparty\pthreads\lib\pthreadVC2.lib wsock32.lib ws2_32.lib curand.lib cublas.lib cuda.lib cudadevrt.lib cudart.lib kernel32.lib user32.lib gdi32.lib winspool.lib shell32.lib ole32.lib oleaut32.lib uuid.lib comdlg32.lib advapi32.lib -forward-unknown-to-host-compiler -Wno-deprecated-gpu-targets  -gencode=arch=compute_30,code=compute_30 -gencode=arch=compute_30,code=sm_30  --machine 64 dark.dir\Release\activation_kernels.obj dark.dir\Release\avgpool_layer_kernels.obj dark.dir\Release\blas_kernels.obj dark.dir\Release\col2im_kernels.obj dark.dir\Release\convolutional_kernels.obj dark.dir\Release\crop_layer_kernels.obj dark.dir\Release\deconvolutional_kernels.obj dark.dir\Release\dropout_layer_kernels.obj dark.dir\Release\im2col_kernels.obj dark.dir\Release\maxpool_layer_kernels.obj dark.dir\Release\network_kernels.obj 
  cudnn.lib
  opencv_world3410.lib
  pthreadVC2.lib
  wsock32.lib
  ws2_32.lib
  curand.lib
  cublas.lib
  cuda.lib
  cudadevrt.lib
  cudart.lib
  kernel32.lib
  user32.lib
  gdi32.lib
  winspool.lib
  shell32.lib
  ole32.lib
  oleaut32.lib
  uuid.lib
  comdlg32.lib
  advapi32.lib
  activation_kernels.obj
  avgpool_layer_kernels.obj
  blas_kernels.obj
  col2im_kernels.obj
  convolutional_kernels.obj
  crop_layer_kernels.obj
  deconvolutional_kernels.obj
  dropout_layer_kernels.obj
  im2col_kernels.obj
  maxpool_layer_kernels.obj
  network_kernels.obj
    正在创建库 E:/git/darknet/Release/darknet.lib 和对象 E:/git/darknet/Release/darknet.exp
  dark.vcxproj -> E:\git\darknet\Release\darknet.dll
